0 info it worked if it ends with ok
1 verbose cli [
1 verbose cli   'C:\\Program Files\\nodejs\\node.exe',
1 verbose cli   'C:\\Program Files\\nodejs\\node_modules\\npm\\bin\\npm-cli.js',
1 verbose cli   'i',
1 verbose cli   'axios'
1 verbose cli ]
2 info using npm@6.14.15
3 info using node@v14.17.6
4 verbose npm-session eb373e7a604d364c
5 silly install loadCurrentTree
6 silly install readLocalPackageData
7 timing stage:rollbackFailedOptional Completed in 3ms
8 timing stage:runTopLevelLifecycles Completed in 4675ms
9 verbose stack Error: Failed to parse json
9 verbose stack Unexpected token < in JSON at position 226 while parsing near '...vent": "^12.1.10",
9 verbose stack <<<<<<< HEAD
9 verbose stack     "d...'
9 verbose stack     at parseError (C:\Program Files\nodejs\node_modules\npm\node_modules\read-package-json\read-json.js:470:11)
9 verbose stack     at parseJson (C:\Program Files\nodejs\node_modules\npm\node_modules\read-package-json\read-json.js:105:26)
9 verbose stack     at C:\Program Files\nodejs\node_modules\npm\node_modules\read-package-json\read-json.js:52:5
9 verbose stack     at C:\Program Files\nodejs\node_modules\npm\node_modules\graceful-fs\graceful-fs.js:123:16
9 verbose stack     at FSReqCallback.readFileAfterClose [as oncomplete] (internal/fs/read_file_context.js:73:3)
10 verbose cwd C:\Users\Abhishek Singh\Documents\dev-clone
11 verbose Windows_NT 10.0.16299
12 verbose argv "C:\\Program Files\\nodejs\\node.exe" "C:\\Program Files\\nodejs\\node_modules\\npm\\bin\\npm-cli.js" "i" "axios"
13 verbose node v14.17.6
14 verbose npm  v6.14.15
15 error code EJSONPARSE
16 error file C:\Users\Abhishek Singh\Documents\dev-clone\package.json
17 error Merge conflict detected in your package.json.
17 error
17 error Please resolve the package.json conflict and retry the command:
17 error
17 error $ C:\Program Files\nodejs\node.exe C:\Program Files\nodejs\node_modules\npm\bin\npm-cli.js i axios
18 verbose exit [ 1, true ]
